<?xml version="1.0" encoding="UTF-8"?>
<coverage generated="1638787546542" clover="3.2.0">
  <project timestamp="1638787546543" name="All files">
    <metrics statements="8" coveredstatements="5" conditionals="0" coveredconditionals="0" methods="3" coveredmethods="1" elements="11" coveredelements="6" complexity="0" loc="8" ncloc="8" packages="1" files="1" classes="1"/>
    <file name="helpers.ts" path="C:\personal\2109-wns-remote3-jahbaf-back\src\services\auth\helpers.ts">
      <metrics statements="8" coveredstatements="5" conditionals="0" coveredconditionals="0" methods="3" coveredmethods="1"/>
      <line num="1" count="1" type="stmt"/>
      <line num="8" count="1" type="stmt"/>
      <line num="9" count="0" type="stmt"/>
      <line num="17" count="1" type="stmt"/>
      <line num="18" count="2" type="stmt"/>
      <line num="26" count="1" type="stmt"/>
      <line num="27" count="0" type="stmt"/>
      <line num="28" count="0" type="stmt"/>
    </file>
  </project>
</coverage>
